<?xml version="1.0" encoding="UTF-8"?>
<!-- Generated by org.testng.reporters.JUnitReportReporter -->
<testsuite hostname="DESKTOP-PTTCL9E" failures="0" tests="1" name="Demo_Sep_TestCases.demo_sep23_BookHotel" time="44.033" errors="0" timestamp="2023-10-10T00:01:16 IST" skipped="0">
  <testcase classname="Demo_Sep_TestCases.demo_sep23_BookHotel" name="validateBookHotel" time="44.033"/>
  <system-out/>
</testsuite> <!-- Demo_Sep_TestCases.demo_sep23_BookHotel -->
