<?xml version="1.0" encoding="UTF-8"?>
<!-- Generated by org.testng.reporters.JUnitReportReporter -->
<testsuite hostname="WebCARE" failures="0" tests="11" name="Demo_Sep_TestCases.demo_testcase_SearchHotel" time="267.433" errors="0" timestamp="2023-10-05T16:23:42 IST" skipped="0">
  <testcase classname="Demo_Sep_TestCases.demo_testcase_SearchHotel" name="validateErrorMessage" time="23.757"/>
  <testcase classname="Demo_Sep_TestCases.demo_testcase_SearchHotel" name="validateErrorMessage" time="21.294"/>
  <testcase classname="Demo_Sep_TestCases.demo_testcase_SearchHotel" name="validateErrorMessage" time="20.835"/>
  <testcase classname="Demo_Sep_TestCases.demo_testcase_SearchHotel" name="validatehotelSelectTitle" time="23.901"/>
  <testcase classname="Demo_Sep_TestCases.demo_testcase_SearchHotel" name="validateErrorMessage" time="22.477"/>
  <testcase classname="Demo_Sep_TestCases.demo_testcase_SearchHotel" name="validatehotelSelectTitle" time="25.728"/>
  <testcase classname="Demo_Sep_TestCases.demo_testcase_SearchHotel" name="validateErrorMessage" time="26.533"/>
  <testcase classname="Demo_Sep_TestCases.demo_testcase_SearchHotel" name="validateErrorMessage" time="24.116"/>
  <testcase classname="Demo_Sep_TestCases.demo_testcase_SearchHotel" name="validateErrorMessage" time="32.607"/>
  <testcase classname="Demo_Sep_TestCases.demo_testcase_SearchHotel" name="validateErrorMessage" time="23.643"/>
  <testcase classname="Demo_Sep_TestCases.demo_testcase_SearchHotel" name="validateErrorMessage" time="22.542"/>
</testsuite> <!-- Demo_Sep_TestCases.demo_testcase_SearchHotel -->
