<?xml version="1.0" encoding="UTF-8"?>
<!-- Generated by org.testng.reporters.JUnitReportReporter -->
<testsuite hostname="DESKTOP-PTTCL9E" failures="0" tests="1" name="Demo_Sep_TestCases.demo_testcase_105" time="12.243" errors="0" timestamp="2023-10-14T22:49:40 IST" skipped="0">
  <testcase classname="Demo_Sep_TestCases.demo_testcase_105" name="verify_date_time" time="12.243"/>
  <system-out/>
</testsuite> <!-- Demo_Sep_TestCases.demo_testcase_105 -->
