<?xml version="1.0" encoding="UTF-8"?>
<!-- Generated by org.testng.reporters.JUnitReportReporter -->
<testsuite hostname="WebCARE" failures="0" tests="1" name="Demo_Sep_TestCases.LOGOUT_VALIDATECREDENTIAL" time="13.714" errors="0" timestamp="2023-11-02T23:49:59 IST" skipped="0">
  <testcase classname="Demo_Sep_TestCases.LOGOUT_VALIDATECREDENTIAL" name="validateLogoutFunctiionality" time="13.714"/>
</testsuite> <!-- Demo_Sep_TestCases.LOGOUT_VALIDATECREDENTIAL -->
