<?xml version="1.0" encoding="UTF-8"?>
<!-- Generated by org.testng.reporters.JUnitReportReporter -->
<testsuite hostname="WebCARE" failures="0" tests="1" name="Demo_Sep_TestCases.demo_sep23_BookHotel" time="34.848" errors="0" timestamp="2023-10-05T19:19:54 IST" skipped="0">
  <testcase classname="Demo_Sep_TestCases.demo_sep23_BookHotel" name="validateBookHotel" time="34.848"/>
</testsuite> <!-- Demo_Sep_TestCases.demo_sep23_BookHotel -->
