<?xml version="1.0" encoding="UTF-8"?>
<!-- Generated by org.testng.reporters.JUnitReportReporter -->
<testsuite hostname="WebCARE" failures="0" tests="9" name="Demo_Sep_TestCases.demo_testcase_SearchHotel" time="233.647" errors="0" timestamp="2023-10-05T12:37:33 IST" skipped="0">
  <testcase classname="Demo_Sep_TestCases.demo_testcase_SearchHotel" name="test2" time="26.693"/>
  <testcase classname="Demo_Sep_TestCases.demo_testcase_SearchHotel" name="test2" time="24.596"/>
  <testcase classname="Demo_Sep_TestCases.demo_testcase_SearchHotel" name="test2" time="23.779"/>
  <testcase classname="Demo_Sep_TestCases.demo_testcase_SearchHotel" name="test2" time="29.059"/>
  <testcase classname="Demo_Sep_TestCases.demo_testcase_SearchHotel" name="test2" time="21.496"/>
  <testcase classname="Demo_Sep_TestCases.demo_testcase_SearchHotel" name="test2" time="35.752"/>
  <testcase classname="Demo_Sep_TestCases.demo_testcase_SearchHotel" name="test2" time="24.798"/>
  <testcase classname="Demo_Sep_TestCases.demo_testcase_SearchHotel" name="test2" time="24.152"/>
  <testcase classname="Demo_Sep_TestCases.demo_testcase_SearchHotel" name="test2" time="23.322"/>
</testsuite> <!-- Demo_Sep_TestCases.demo_testcase_SearchHotel -->
