<?xml version="1.0" encoding="UTF-8"?>
<!-- Generated by org.testng.reporters.JUnitReportReporter -->
<testsuite hostname="WebCARE" failures="0" tests="1" name="Demo_Sep_TestCases.LOGOUT_VALIDATECREDENTIAL" time="15.957" errors="0" timestamp="2023-11-02T23:44:17 IST" skipped="0">
  <testcase classname="Demo_Sep_TestCases.LOGOUT_VALIDATECREDENTIAL" name="validateLogoutFunctiionality" time="15.957"/>
</testsuite> <!-- Demo_Sep_TestCases.LOGOUT_VALIDATECREDENTIAL -->
