<?xml version="1.0" encoding="UTF-8"?>
<!-- Generated by org.testng.reporters.JUnitReportReporter -->
<testsuite hostname="WebCARE" failures="0" tests="1" name="Demo_Sep_TestCases.demo_testcase_105" time="21.288" errors="0" timestamp="2023-10-15T17:57:11 IST" skipped="0">
  <testcase classname="Demo_Sep_TestCases.demo_testcase_105" name="verify_date_time" time="21.288"/>
</testsuite> <!-- Demo_Sep_TestCases.demo_testcase_105 -->
