<?xml version="1.0" encoding="UTF-8"?>
<!-- Generated by org.testng.reporters.JUnitReportReporter -->
<testsuite hostname="DESKTOP-PTTCL9E" failures="0" tests="2" name="Demo_Sep_TestCases.demo_testcase_SearchHotel" time="53.101" errors="0" timestamp="2023-10-14T22:49:40 IST" skipped="0">
  <testcase classname="Demo_Sep_TestCases.demo_testcase_SearchHotel" name="validatehotelSelectTitle" time="26.502"/>
  <system-out/>
  <testcase classname="Demo_Sep_TestCases.demo_testcase_SearchHotel" name="validatehotelSelectTitle" time="26.599"/>
  <system-out/>
</testsuite> <!-- Demo_Sep_TestCases.demo_testcase_SearchHotel -->
