<?xml version="1.0" encoding="UTF-8"?>
<!-- Generated by org.testng.reporters.JUnitReportReporter -->
<testsuite hostname="WebCARE" failures="0" tests="1" name="Demo_Sep_TestCases.Booked_Itinerary_DataTest" time="101.882" errors="0" timestamp="2023-11-24T14:16:28 IST" skipped="0">
  <testcase classname="Demo_Sep_TestCases.Booked_Itinerary_DataTest" name="verfyBookedData" time="101.882"/>
</testsuite> <!-- Demo_Sep_TestCases.Booked_Itinerary_DataTest -->
