<?xml version="1.0" encoding="UTF-8"?>
<!-- Generated by org.testng.reporters.JUnitReportReporter -->
<testsuite hostname="WebCARE" failures="0" tests="1" name="Demo_Sep_TestCases.BOOK_HOTEL_SUCCESSFUL_BOOKING" time="37.075" errors="0" timestamp="2023-11-08T16:32:05 IST" skipped="0">
  <testcase classname="Demo_Sep_TestCases.BOOK_HOTEL_SUCCESSFUL_BOOKING" name="validateBookHotel" time="37.075"/>
</testsuite> <!-- Demo_Sep_TestCases.BOOK_HOTEL_SUCCESSFUL_BOOKING -->
