<?xml version="1.0" encoding="UTF-8"?>
<!-- Generated by org.testng.reporters.JUnitReportReporter -->
<testsuite hostname="DESKTOP-PTTCL9E" failures="0" tests="1" name="Demo_Sep_TestCases.DEMO_INTEGRATIONTESTIT" time="39.043" errors="0" timestamp="2023-10-15T21:29:24 IST" skipped="0">
  <testcase classname="Demo_Sep_TestCases.DEMO_INTEGRATIONTESTIT" name="verify_date_time" time="39.043"/>
  <system-out/>
</testsuite> <!-- Demo_Sep_TestCases.DEMO_INTEGRATIONTESTIT -->
