<?xml version="1.0" encoding="UTF-8"?>
<!-- Generated by org.testng.reporters.JUnitReportReporter -->
<testsuite hostname="WebCARE" failures="0" tests="1" name="Demo_Sep_TestCases.BOOK_HOTEL_PRICE_TEST" time="22.852" errors="0" timestamp="2023-10-21T18:44:04 IST" skipped="0">
  <testcase classname="Demo_Sep_TestCases.BOOK_HOTEL_PRICE_TEST" name="vlaidate_pricefield_bookedhotel_Page" time="22.852"/>
</testsuite> <!-- Demo_Sep_TestCases.BOOK_HOTEL_PRICE_TEST -->
