<?xml version="1.0" encoding="UTF-8"?>
<!-- Generated by org.testng.reporters.JUnitReportReporter -->
<testsuite hostname="WebCARE" failures="0" tests="1" name="Demo_Sep_TestCases.demo_sep23_HomeCurrentUrl" time="4.627" errors="0" timestamp="2023-10-04T17:57:01 IST" skipped="0">
  <testcase classname="Demo_Sep_TestCases.demo_sep23_HomeCurrentUrl" name="VerifyHoomepageCurrentUrl" time="4.627"/>
</testsuite> <!-- Demo_Sep_TestCases.demo_sep23_HomeCurrentUrl -->
